c:\users\lunag\downloads\source\source\emulator\gameserver\release\gameserver_s3k\gameserver.pch
c:\users\lunag\downloads\source\source\emulator\gameserver\release\gameserver_s3k\vc141.pdb
c:\users\lunag\downloads\source\source\emulator\gameserver\release\gameserver_s3k\stdafx.obj
c:\users\lunag\downloads\source\source\emulator\gameserver\release\gameserver_s3k\gameserver.res
c:\users\lunag\downloads\source\source\emulator\gameserver\release\gameserver_s3k\380itemoption.obj
c:\users\lunag\downloads\source\source\emulator\gameserver\release\gameserver_s3k\380itemtype.obj
c:\users\lunag\downloads\source\source\emulator\gameserver\release\gameserver_s3k\antiflood.obj
c:\users\lunag\downloads\source\source\emulator\gameserver\release\gameserver_s3k\attack.obj
c:\users\lunag\downloads\source\source\emulator\gameserver\release\gameserver_s3k\battlesoccer.obj
c:\users\lunag\downloads\source\source\emulator\gameserver\release\gameserver_s3k\blacklist.obj
c:\users\lunag\downloads\source\source\emulator\gameserver\release\gameserver_s3k\bloodcastle.obj
c:\users\lunag\downloads\source\source\emulator\gameserver\release\gameserver_s3k\bonusmanager.obj
c:\users\lunag\downloads\source\source\emulator\gameserver\release\gameserver_s3k\cannontower.obj
c:\users\lunag\downloads\source\source\emulator\gameserver\release\gameserver_s3k\castledeep.obj
c:\users\lunag\downloads\source\source\emulator\gameserver\release\gameserver_s3k\castlesiege.obj
c:\users\lunag\downloads\source\source\emulator\gameserver\release\gameserver_s3k\castlesiegecrown.obj
c:\users\lunag\downloads\source\source\emulator\gameserver\release\gameserver_s3k\castlesiegecrownswitch.obj
c:\users\lunag\downloads\source\source\emulator\gameserver\release\gameserver_s3k\castlesiegesync.obj
c:\users\lunag\downloads\source\source\emulator\gameserver\release\gameserver_s3k\castlesiegeweapon.obj
c:\users\lunag\downloads\source\source\emulator\gameserver\release\gameserver_s3k\chaosbox.obj
c:\users\lunag\downloads\source\source\emulator\gameserver\release\gameserver_s3k\chaoscastle.obj
c:\users\lunag\downloads\source\source\emulator\gameserver\release\gameserver_s3k\comboskill.obj
c:\users\lunag\downloads\source\source\emulator\gameserver\release\gameserver_s3k\commandmanager.obj
c:\users\lunag\downloads\source\source\emulator\gameserver\release\gameserver_s3k\connection.obj
c:\users\lunag\downloads\source\source\emulator\gameserver\release\gameserver_s3k\connectionmanager.obj
c:\users\lunag\downloads\source\source\emulator\gameserver\release\gameserver_s3k\connectmember.obj
c:\users\lunag\downloads\source\source\emulator\gameserver\release\gameserver_s3k\console.obj
c:\users\lunag\downloads\source\source\emulator\gameserver\release\gameserver_s3k\criticalsection.obj
c:\users\lunag\downloads\source\source\emulator\gameserver\release\gameserver_s3k\crywolf.obj
c:\users\lunag\downloads\source\source\emulator\gameserver\release\gameserver_s3k\crywolfaltar.obj
c:\users\lunag\downloads\source\source\emulator\gameserver\release\gameserver_s3k\crywolfobjinfo.obj
c:\users\lunag\downloads\source\source\emulator\gameserver\release\gameserver_s3k\crywolfstatetimeinfo.obj
c:\users\lunag\downloads\source\source\emulator\gameserver\release\gameserver_s3k\crywolfstatue.obj
c:\users\lunag\downloads\source\source\emulator\gameserver\release\gameserver_s3k\crywolfsync.obj
c:\users\lunag\downloads\source\source\emulator\gameserver\release\gameserver_s3k\crywolfutil.obj
c:\users\lunag\downloads\source\source\emulator\gameserver\release\gameserver_s3k\customarena.obj
c:\users\lunag\downloads\source\source\emulator\gameserver\release\gameserver_s3k\customattack.obj
c:\users\lunag\downloads\source\source\emulator\gameserver\release\gameserver_s3k\custombuyvip.obj
c:\users\lunag\downloads\source\source\emulator\gameserver\release\gameserver_s3k\customcomboskill.obj
c:\users\lunag\downloads\source\source\emulator\gameserver\release\gameserver_s3k\customdailyreward.obj
c:\users\lunag\downloads\source\source\emulator\gameserver\release\gameserver_s3k\customeventdrop.obj
c:\users\lunag\downloads\source\source\emulator\gameserver\release\gameserver_s3k\customgift.obj
c:\users\lunag\downloads\source\source\emulator\gameserver\release\gameserver_s3k\customhealthbar.obj
c:\users\lunag\downloads\source\source\emulator\gameserver\release\gameserver_s3k\customjewel.obj
c:\users\lunag\downloads\source\source\emulator\gameserver\release\gameserver_s3k\customjewelpack.obj
c:\users\lunag\downloads\source\source\emulator\gameserver\release\gameserver_s3k\customlukehelper.obj
c:\users\lunag\downloads\source\source\emulator\gameserver\release\gameserver_s3k\custommarriage.obj
c:\users\lunag\downloads\source\source\emulator\gameserver\release\gameserver_s3k\custommix.obj
c:\users\lunag\downloads\source\source\emulator\gameserver\release\gameserver_s3k\custommonster.obj
c:\users\lunag\downloads\source\source\emulator\gameserver\release\gameserver_s3k\custommonsterkillcount.obj
c:\users\lunag\downloads\source\source\emulator\gameserver\release\gameserver_s3k\custompick.obj
c:\users\lunag\downloads\source\source\emulator\gameserver\release\gameserver_s3k\custompotion.obj
c:\users\lunag\downloads\source\source\emulator\gameserver\release\gameserver_s3k\customstore.obj
c:\users\lunag\downloads\source\source\emulator\gameserver\release\gameserver_s3k\customwindowtime.obj
c:\users\lunag\downloads\source\source\emulator\gameserver\release\gameserver_s3k\customwing.obj
c:\users\lunag\downloads\source\source\emulator\gameserver\release\gameserver_s3k\damagetable.obj
c:\users\lunag\downloads\source\source\emulator\gameserver\release\gameserver_s3k\darkspirit.obj
c:\users\lunag\downloads\source\source\emulator\gameserver\release\gameserver_s3k\defaultclassfreebies.obj
c:\users\lunag\downloads\source\source\emulator\gameserver\release\gameserver_s3k\defaultclassinfo.obj
c:\users\lunag\downloads\source\source\emulator\gameserver\release\gameserver_s3k\devilsquare.obj
c:\users\lunag\downloads\source\source\emulator\gameserver\release\gameserver_s3k\dropevent.obj
c:\users\lunag\downloads\source\source\emulator\gameserver\release\gameserver_s3k\dsprotocol.obj
c:\users\lunag\downloads\source\source\emulator\gameserver\release\gameserver_s3k\duel.obj
c:\users\lunag\downloads\source\source\emulator\gameserver\release\gameserver_s3k\effect.obj
c:\users\lunag\downloads\source\source\emulator\gameserver\release\gameserver_s3k\effectmanager.obj
c:\users\lunag\downloads\source\source\emulator\gameserver\release\gameserver_s3k\evententrylevel.obj
c:\users\lunag\downloads\source\source\emulator\gameserver\release\gameserver_s3k\eventspawnstage.obj
c:\users\lunag\downloads\source\source\emulator\gameserver\release\gameserver_s3k\excellentoptionrate.obj
c:\users\lunag\downloads\source\source\emulator\gameserver\release\gameserver_s3k\experiencetable.obj
c:\users\lunag\downloads\source\source\emulator\gameserver\release\gameserver_s3k\filter.obj
c:\users\lunag\downloads\source\source\emulator\gameserver\release\gameserver_s3k\friend.obj
c:\users\lunag\downloads\source\source\emulator\gameserver\release\gameserver_s3k\fruit.obj
c:\users\lunag\downloads\source\source\emulator\gameserver\release\gameserver_s3k\gamemain.obj
c:\users\lunag\downloads\source\source\emulator\gameserver\release\gameserver_s3k\gamemaster.obj
c:\users\lunag\downloads\source\source\emulator\gameserver\release\gameserver_s3k\gameserver.obj
c:\users\lunag\downloads\source\source\emulator\gameserver\release\gameserver_s3k\gate.obj
c:\users\lunag\downloads\source\source\emulator\gameserver\release\gameserver_s3k\goldenarcher.obj
c:\users\lunag\downloads\source\source\emulator\gameserver\release\gameserver_s3k\guardianstatue.obj
c:\users\lunag\downloads\source\source\emulator\gameserver\release\gameserver_s3k\guild.obj
c:\users\lunag\downloads\source\source\emulator\gameserver\release\gameserver_s3k\guildmanager.obj
c:\users\lunag\downloads\source\source\emulator\gameserver\release\gameserver_s3k\hackcheck.obj
c:\users\lunag\downloads\source\source\emulator\gameserver\release\gameserver_s3k\hackmovespeedcheck.obj
c:\users\lunag\downloads\source\source\emulator\gameserver\release\gameserver_s3k\hackpacketcheck.obj
c:\users\lunag\downloads\source\source\emulator\gameserver\release\gameserver_s3k\hackskillspeedcheck.obj
c:\users\lunag\downloads\source\source\emulator\gameserver\release\gameserver_s3k\illusiontemple.obj
c:\users\lunag\downloads\source\source\emulator\gameserver\release\gameserver_s3k\invasionmanager.obj
c:\users\lunag\downloads\source\source\emulator\gameserver\release\gameserver_s3k\item.obj
c:\users\lunag\downloads\source\source\emulator\gameserver\release\gameserver_s3k\itembag.obj
c:\users\lunag\downloads\source\source\emulator\gameserver\release\gameserver_s3k\itembagex.obj
c:\users\lunag\downloads\source\source\emulator\gameserver\release\gameserver_s3k\itembagmanager.obj
c:\users\lunag\downloads\source\source\emulator\gameserver\release\gameserver_s3k\itemdrop.obj
c:\users\lunag\downloads\source\source\emulator\gameserver\release\gameserver_s3k\itemlevel.obj
c:\users\lunag\downloads\source\source\emulator\gameserver\release\gameserver_s3k\itemloot.obj
c:\users\lunag\downloads\source\source\emulator\gameserver\release\gameserver_s3k\itemmanager.obj
c:\users\lunag\downloads\source\source\emulator\gameserver\release\gameserver_s3k\itemmoneydrop.obj
c:\users\lunag\downloads\source\source\emulator\gameserver\release\gameserver_s3k\itemmove.obj
c:\users\lunag\downloads\source\source\emulator\gameserver\release\gameserver_s3k\itemoption.obj
c:\users\lunag\downloads\source\source\emulator\gameserver\release\gameserver_s3k\itemoptionrate.obj
c:\users\lunag\downloads\source\source\emulator\gameserver\release\gameserver_s3k\itemstack.obj
c:\users\lunag\downloads\source\source\emulator\gameserver\release\gameserver_s3k\itemvalue.obj
c:\users\lunag\downloads\source\source\emulator\gameserver\release\gameserver_s3k\jewelmix.obj
c:\users\lunag\downloads\source\source\emulator\gameserver\release\gameserver_s3k\jewelofharmonyoption.obj
c:\users\lunag\downloads\source\source\emulator\gameserver\release\gameserver_s3k\jewelofharmonytype.obj
c:\users\lunag\downloads\source\source\emulator\gameserver\release\gameserver_s3k\jsprotocol.obj
c:\users\lunag\downloads\source\source\emulator\gameserver\release\gameserver_s3k\kalima.obj
c:\users\lunag\downloads\source\source\emulator\gameserver\release\gameserver_s3k\kanturu.obj
c:\users\lunag\downloads\source\source\emulator\gameserver\release\gameserver_s3k\kanturubattleofmaya.obj
c:\users\lunag\downloads\source\source\emulator\gameserver\release\gameserver_s3k\kanturubattleofnightmare.obj
c:\users\lunag\downloads\source\source\emulator\gameserver\release\gameserver_s3k\kanturubattlestanby.obj
c:\users\lunag\downloads\source\source\emulator\gameserver\release\gameserver_s3k\kanturubattleusermng.obj
c:\users\lunag\downloads\source\source\emulator\gameserver\release\gameserver_s3k\kanturuentrancenpc.obj
c:\users\lunag\downloads\source\source\emulator\gameserver\release\gameserver_s3k\kanturumaya.obj
c:\users\lunag\downloads\source\source\emulator\gameserver\release\gameserver_s3k\kanturumonstermng.obj
c:\users\lunag\downloads\source\source\emulator\gameserver\release\gameserver_s3k\kanturuobjinfo.obj
c:\users\lunag\downloads\source\source\emulator\gameserver\release\gameserver_s3k\kanturustateinfo.obj
c:\users\lunag\downloads\source\source\emulator\gameserver\release\gameserver_s3k\kanturutowerofrefinement.obj
c:\users\lunag\downloads\source\source\emulator\gameserver\release\gameserver_s3k\kanturuutil.obj
c:\users\lunag\downloads\source\source\emulator\gameserver\release\gameserver_s3k\lifestone.obj
c:\users\lunag\downloads\source\source\emulator\gameserver\release\gameserver_s3k\log.obj
c:\users\lunag\downloads\source\source\emulator\gameserver\release\gameserver_s3k\luafunction.obj
c:\users\lunag\downloads\source\source\emulator\gameserver\release\gameserver_s3k\luaqueue.obj
c:\users\lunag\downloads\source\source\emulator\gameserver\release\gameserver_s3k\map.obj
c:\users\lunag\downloads\source\source\emulator\gameserver\release\gameserver_s3k\mapitem.obj
c:\users\lunag\downloads\source\source\emulator\gameserver\release\gameserver_s3k\mapmanager.obj
c:\users\lunag\downloads\source\source\emulator\gameserver\release\gameserver_s3k\mappath.obj
c:\users\lunag\downloads\source\source\emulator\gameserver\release\gameserver_s3k\maprateinfo.obj
c:\users\lunag\downloads\source\source\emulator\gameserver\release\gameserver_s3k\mapservermanager.obj
c:\users\lunag\downloads\source\source\emulator\gameserver\release\gameserver_s3k\math.obj
c:\users\lunag\downloads\source\source\emulator\gameserver\release\gameserver_s3k\memoryallocator.obj
c:\users\lunag\downloads\source\source\emulator\gameserver\release\gameserver_s3k\memoryallocatorinfo.obj
c:\users\lunag\downloads\source\source\emulator\gameserver\release\gameserver_s3k\mercenary.obj
c:\users\lunag\downloads\source\source\emulator\gameserver\release\gameserver_s3k\message.obj
c:\users\lunag\downloads\source\source\emulator\gameserver\release\gameserver_s3k\minidump.obj
c:\users\lunag\downloads\source\source\emulator\gameserver\release\gameserver_s3k\monster.obj
c:\users\lunag\downloads\source\source\emulator\gameserver\release\gameserver_s3k\monsterai.obj
c:\users\lunag\downloads\source\source\emulator\gameserver\release\gameserver_s3k\monsteraiagro.obj
c:\users\lunag\downloads\source\source\emulator\gameserver\release\gameserver_s3k\monsteraiautomata.obj
c:\users\lunag\downloads\source\source\emulator\gameserver\release\gameserver_s3k\monsteraiautomatainfo.obj
c:\users\lunag\downloads\source\source\emulator\gameserver\release\gameserver_s3k\monsteraielement.obj
c:\users\lunag\downloads\source\source\emulator\gameserver\release\gameserver_s3k\monsteraielementinfo.obj
c:\users\lunag\downloads\source\source\emulator\gameserver\release\gameserver_s3k\monsteraigroup.obj
c:\users\lunag\downloads\source\source\emulator\gameserver\release\gameserver_s3k\monsteraigroupmember.obj
c:\users\lunag\downloads\source\source\emulator\gameserver\release\gameserver_s3k\monsteraimovepath.obj
c:\users\lunag\downloads\source\source\emulator\gameserver\release\gameserver_s3k\monsteraimovepathinfo.obj
c:\users\lunag\downloads\source\source\emulator\gameserver\release\gameserver_s3k\monsterairule.obj
c:\users\lunag\downloads\source\source\emulator\gameserver\release\gameserver_s3k\monsterairuleinfo.obj
c:\users\lunag\downloads\source\source\emulator\gameserver\release\gameserver_s3k\monsteraistate.obj
c:\users\lunag\downloads\source\source\emulator\gameserver\release\gameserver_s3k\monsteraiunit.obj
c:\users\lunag\downloads\source\source\emulator\gameserver\release\gameserver_s3k\monsteraiunitinfo.obj
c:\users\lunag\downloads\source\source\emulator\gameserver\release\gameserver_s3k\monsteraiutil.obj
c:\users\lunag\downloads\source\source\emulator\gameserver\release\gameserver_s3k\monstermanager.obj
c:\users\lunag\downloads\source\source\emulator\gameserver\release\gameserver_s3k\monstermove.obj
c:\users\lunag\downloads\source\source\emulator\gameserver\release\gameserver_s3k\monsterschedule.obj
c:\users\lunag\downloads\source\source\emulator\gameserver\release\gameserver_s3k\monstersetbase.obj
c:\users\lunag\downloads\source\source\emulator\gameserver\release\gameserver_s3k\monsterskillelement.obj
c:\users\lunag\downloads\source\source\emulator\gameserver\release\gameserver_s3k\monsterskillelementinfo.obj
c:\users\lunag\downloads\source\source\emulator\gameserver\release\gameserver_s3k\monsterskillelementoption.obj
c:\users\lunag\downloads\source\source\emulator\gameserver\release\gameserver_s3k\monsterskillinfo.obj
c:\users\lunag\downloads\source\source\emulator\gameserver\release\gameserver_s3k\monsterskillmanager.obj
c:\users\lunag\downloads\source\source\emulator\gameserver\release\gameserver_s3k\monsterskillunit.obj
c:\users\lunag\downloads\source\source\emulator\gameserver\release\gameserver_s3k\monsterskillunitinfo.obj
c:\users\lunag\downloads\source\source\emulator\gameserver\release\gameserver_s3k\move.obj
c:\users\lunag\downloads\source\source\emulator\gameserver\release\gameserver_s3k\movesummon.obj
c:\users\lunag\downloads\source\source\emulator\gameserver\release\gameserver_s3k\notice.obj
c:\users\lunag\downloads\source\source\emulator\gameserver\release\gameserver_s3k\npctalk.obj
c:\users\lunag\downloads\source\source\emulator\gameserver\release\gameserver_s3k\objectmanager.obj
c:\users\lunag\downloads\source\source\emulator\gameserver\release\gameserver_s3k\packetmanager.obj
c:\users\lunag\downloads\source\source\emulator\gameserver\release\gameserver_s3k\party.obj
c:\users\lunag\downloads\source\source\emulator\gameserver\release\gameserver_s3k\path.obj
c:\users\lunag\downloads\source\source\emulator\gameserver\release\gameserver_s3k\pcpoint.obj
c:\users\lunag\downloads\source\source\emulator\gameserver\release\gameserver_s3k\periodicitem.obj
c:\users\lunag\downloads\source\source\emulator\gameserver\release\gameserver_s3k\personalshop.obj
c:\users\lunag\downloads\source\source\emulator\gameserver\release\gameserver_s3k\petdamagetable.obj
c:\users\lunag\downloads\source\source\emulator\gameserver\release\gameserver_s3k\protocol.obj
c:\users\lunag\downloads\source\source\emulator\gameserver\release\gameserver_s3k\querymanager.obj
c:\users\lunag\downloads\source\source\emulator\gameserver\release\gameserver_s3k\quest.obj
c:\users\lunag\downloads\source\source\emulator\gameserver\release\gameserver_s3k\questobjective.obj
c:\users\lunag\downloads\source\source\emulator\gameserver\release\gameserver_s3k\questreward.obj
c:\users\lunag\downloads\source\source\emulator\gameserver\release\gameserver_s3k\queue.obj
c:\users\lunag\downloads\source\source\emulator\gameserver\release\gameserver_s3k\queuetimer.obj
c:\users\lunag\downloads\source\source\emulator\gameserver\release\gameserver_s3k\randommanager.obj
c:\users\lunag\downloads\source\source\emulator\gameserver\release\gameserver_s3k\readfile.obj
c:\users\lunag\downloads\source\source\emulator\gameserver\release\gameserver_s3k\reconnect.obj
c:\users\lunag\downloads\source\source\emulator\gameserver\release\gameserver_s3k\resetlimit.obj
c:\users\lunag\downloads\source\source\emulator\gameserver\release\gameserver_s3k\resettable.obj
c:\users\lunag\downloads\source\source\emulator\gameserver\release\gameserver_s3k\schedulemanager.obj
c:\users\lunag\downloads\source\source\emulator\gameserver\release\gameserver_s3k\script.obj
c:\users\lunag\downloads\source\source\emulator\gameserver\release\gameserver_s3k\scriptloader.obj
c:\users\lunag\downloads\source\source\emulator\gameserver\release\gameserver_s3k\serialcheck.obj
c:\users\lunag\downloads\source\source\emulator\gameserver\release\gameserver_s3k\serverdisplayer.obj
c:\users\lunag\downloads\source\source\emulator\gameserver\release\gameserver_s3k\serverinfo.obj
c:\users\lunag\downloads\source\source\emulator\gameserver\release\gameserver_s3k\setitemoption.obj
c:\users\lunag\downloads\source\source\emulator\gameserver\release\gameserver_s3k\setitemtype.obj
c:\users\lunag\downloads\source\source\emulator\gameserver\release\gameserver_s3k\shop.obj
c:\users\lunag\downloads\source\source\emulator\gameserver\release\gameserver_s3k\shopmanager.obj
c:\users\lunag\downloads\source\source\emulator\gameserver\release\gameserver_s3k\skill.obj
c:\users\lunag\downloads\source\source\emulator\gameserver\release\gameserver_s3k\skilldamage.obj
c:\users\lunag\downloads\source\source\emulator\gameserver\release\gameserver_s3k\skillenabler.obj
c:\users\lunag\downloads\source\source\emulator\gameserver\release\gameserver_s3k\skillhitbox.obj
c:\users\lunag\downloads\source\source\emulator\gameserver\release\gameserver_s3k\skillmanager.obj
c:\users\lunag\downloads\source\source\emulator\gameserver\release\gameserver_s3k\skillusearea.obj
c:\users\lunag\downloads\source\source\emulator\gameserver\release\gameserver_s3k\socketmanager.obj
c:\users\lunag\downloads\source\source\emulator\gameserver\release\gameserver_s3k\socketmanagerudp.obj
c:\users\lunag\downloads\source\source\emulator\gameserver\release\gameserver_s3k\tick.obj
c:\users\lunag\downloads\source\source\emulator\gameserver\release\gameserver_s3k\trade.obj
c:\users\lunag\downloads\source\source\emulator\gameserver\release\gameserver_s3k\unionmanager.obj
c:\users\lunag\downloads\source\source\emulator\gameserver\release\gameserver_s3k\user.obj
c:\users\lunag\downloads\source\source\emulator\gameserver\release\gameserver_s3k\util.obj
c:\users\lunag\downloads\source\source\emulator\gameserver\release\gameserver_s3k\viewport.obj
c:\users\lunag\downloads\source\source\emulator\gameserver\release\gameserver_s3k\warehouse.obj
c:\users\lunag\downloads\source\source\emulator\gameserver\release\gameserver_s3k\wingoption.obj
c:\users\lunag\downloads\source\source\emulator\gameserver\release\gameserver_s3k\gameserver.tlog\cl.command.1.tlog
c:\users\lunag\downloads\source\source\emulator\gameserver\release\gameserver_s3k\gameserver.tlog\cl.read.1.tlog
c:\users\lunag\downloads\source\source\emulator\gameserver\release\gameserver_s3k\gameserver.tlog\cl.write.1.tlog
c:\users\lunag\downloads\source\source\emulator\gameserver\release\gameserver_s3k\gameserver.tlog\link.command.1.tlog
c:\users\lunag\downloads\source\source\emulator\gameserver\release\gameserver_s3k\gameserver.tlog\link.read.1.tlog
c:\users\lunag\downloads\source\source\emulator\gameserver\release\gameserver_s3k\gameserver.tlog\link.write.1.tlog
c:\users\lunag\downloads\source\source\emulator\gameserver\release\gameserver_s3k\gameserver.tlog\rc.command.1.tlog
c:\users\lunag\downloads\source\source\emulator\gameserver\release\gameserver_s3k\gameserver.tlog\rc.read.1.tlog
c:\users\lunag\downloads\source\source\emulator\gameserver\release\gameserver_s3k\gameserver.tlog\rc.write.1.tlog
